{"C:\\Users\\marco\\WebstormProjects\\SignuCA\\app.js":{"path":"C:\\Users\\marco\\WebstormProjects\\SignuCA\\app.js","s":{"1":1,"2":1,"3":1,"4":1,"5":1,"6":1,"7":1,"8":1,"9":1,"10":1,"11":1,"12":1,"13":1,"14":1,"15":1,"16":1,"17":1,"18":1,"19":1,"20":0,"21":1,"22":0,"23":0,"24":0,"25":0,"26":1},"b":{"1":[0,0],"2":[0,0]},"f":{"1":0,"2":0},"fnMap":{"1":{"name":"(anonymous_1)","line":27,"loc":{"start":{"line":27,"column":8},"end":{"line":27,"column":33}}},"2":{"name":"(anonymous_2)","line":32,"loc":{"start":{"line":32,"column":8},"end":{"line":32,"column":38}}}},"statementMap":{"1":{"start":{"line":1,"column":0},"end":{"line":1,"column":41}},"2":{"start":{"line":2,"column":0},"end":{"line":2,"column":33}},"3":{"start":{"line":3,"column":0},"end":{"line":3,"column":27}},"4":{"start":{"line":4,"column":0},"end":{"line":4,"column":44}},"5":{"start":{"line":5,"column":0},"end":{"line":5,"column":31}},"6":{"start":{"line":6,"column":0},"end":{"line":6,"column":40}},"7":{"start":{"line":8,"column":0},"end":{"line":8,"column":44}},"8":{"start":{"line":9,"column":0},"end":{"line":9,"column":44}},"9":{"start":{"line":11,"column":0},"end":{"line":11,"column":20}},"10":{"start":{"line":14,"column":0},"end":{"line":14,"column":48}},"11":{"start":{"line":15,"column":0},"end":{"line":15,"column":31}},"12":{"start":{"line":17,"column":0},"end":{"line":17,"column":23}},"13":{"start":{"line":18,"column":0},"end":{"line":18,"column":27}},"14":{"start":{"line":19,"column":0},"end":{"line":19,"column":52}},"15":{"start":{"line":20,"column":0},"end":{"line":20,"column":24}},"16":{"start":{"line":21,"column":0},"end":{"line":21,"column":56}},"17":{"start":{"line":23,"column":0},"end":{"line":23,"column":26}},"18":{"start":{"line":24,"column":0},"end":{"line":24,"column":31}},"19":{"start":{"line":27,"column":0},"end":{"line":29,"column":3}},"20":{"start":{"line":28,"column":2},"end":{"line":28,"column":25}},"21":{"start":{"line":32,"column":0},"end":{"line":40,"column":3}},"22":{"start":{"line":34,"column":2},"end":{"line":34,"column":35}},"23":{"start":{"line":35,"column":2},"end":{"line":35,"column":69}},"24":{"start":{"line":38,"column":2},"end":{"line":38,"column":32}},"25":{"start":{"line":39,"column":2},"end":{"line":39,"column":22}},"26":{"start":{"line":42,"column":0},"end":{"line":42,"column":21}}},"branchMap":{"1":{"line":35,"type":"cond-expr","locations":[{"start":{"line":35,"column":60},"end":{"line":35,"column":63}},{"start":{"line":35,"column":66},"end":{"line":35,"column":68}}]},"2":{"line":38,"type":"binary-expr","locations":[{"start":{"line":38,"column":13},"end":{"line":38,"column":23}},{"start":{"line":38,"column":27},"end":{"line":38,"column":30}}]}}},"C:\\Users\\marco\\WebstormProjects\\SignuCA\\routes\\index.js":{"path":"C:\\Users\\marco\\WebstormProjects\\SignuCA\\routes\\index.js","s":{"1":1,"2":1,"3":1,"4":1,"5":1,"6":1,"7":1,"8":1,"9":1,"10":1,"11":1,"12":1,"13":1,"14":1,"15":0,"16":1,"17":1,"18":0,"19":1,"20":1,"21":1,"22":1,"23":1,"24":1,"25":1,"26":1,"27":1,"28":0,"29":1,"30":1,"31":1,"32":1,"33":1,"34":1,"35":1,"36":1,"37":1,"38":1,"39":0,"40":1,"41":1,"42":1,"43":1,"44":1,"45":1,"46":1,"47":1,"48":1,"49":0,"50":1,"51":1,"52":0,"53":0,"54":0,"55":0,"56":0,"57":0,"58":0,"59":0,"60":0,"61":0,"62":1,"63":0,"64":0,"65":0,"66":0,"67":0,"68":1,"69":0,"70":0,"71":0,"72":0,"73":0,"74":0,"75":0,"76":0,"77":0,"78":1},"b":{"1":[0,1],"2":[0,1],"3":[0,1],"4":[0,0],"5":[0,0],"6":[0,0],"7":[0,0]},"f":{"1":0,"2":0,"3":1,"4":1,"5":1,"6":1,"7":1,"8":1,"9":1,"10":1,"11":0,"12":0,"13":0,"14":0,"15":0,"16":0},"fnMap":{"1":{"name":"(anonymous_1)","line":16,"loc":{"start":{"line":16,"column":16},"end":{"line":16,"column":36}}},"2":{"name":"(anonymous_2)","line":22,"loc":{"start":{"line":22,"column":20},"end":{"line":22,"column":40}}},"3":{"name":"processCSR","line":32,"loc":{"start":{"line":32,"column":0},"end":{"line":32,"column":36}}},"4":{"name":"(anonymous_4)","line":33,"loc":{"start":{"line":33,"column":19},"end":{"line":33,"column":35}}},"5":{"name":"(anonymous_5)","line":36,"loc":{"start":{"line":36,"column":18},"end":{"line":36,"column":30}}},"6":{"name":"(anonymous_6)","line":37,"loc":{"start":{"line":37,"column":37},"end":{"line":37,"column":57}}},"7":{"name":"generateCSRReply","line":48,"loc":{"start":{"line":48,"column":0},"end":{"line":48,"column":43}}},"8":{"name":"revokeCert","line":72,"loc":{"start":{"line":72,"column":0},"end":{"line":72,"column":36}}},"9":{"name":"(anonymous_9)","line":74,"loc":{"start":{"line":74,"column":19},"end":{"line":74,"column":35}}},"10":{"name":"(anonymous_10)","line":77,"loc":{"start":{"line":77,"column":18},"end":{"line":77,"column":30}}},"11":{"name":"getCRL","line":88,"loc":{"start":{"line":88,"column":0},"end":{"line":88,"column":32}}},"12":{"name":"(anonymous_12)","line":105,"loc":{"start":{"line":105,"column":22},"end":{"line":105,"column":42}}},"13":{"name":"(anonymous_13)","line":106,"loc":{"start":{"line":106,"column":11},"end":{"line":106,"column":31}}},"14":{"name":"postOCSP","line":119,"loc":{"start":{"line":119,"column":0},"end":{"line":119,"column":28}}},"15":{"name":"(anonymous_15)","line":123,"loc":{"start":{"line":123,"column":23},"end":{"line":123,"column":39}}},"16":{"name":"(anonymous_16)","line":127,"loc":{"start":{"line":127,"column":22},"end":{"line":127,"column":34}}}},"statementMap":{"1":{"start":{"line":1,"column":0},"end":{"line":1,"column":35}},"2":{"start":{"line":2,"column":0},"end":{"line":2,"column":30}},"3":{"start":{"line":3,"column":0},"end":{"line":3,"column":29}},"4":{"start":{"line":4,"column":0},"end":{"line":4,"column":34}},"5":{"start":{"line":5,"column":0},"end":{"line":5,"column":22}},"6":{"start":{"line":6,"column":0},"end":{"line":6,"column":29}},"7":{"start":{"line":7,"column":0},"end":{"line":7,"column":43}},"8":{"start":{"line":8,"column":0},"end":{"line":8,"column":46}},"9":{"start":{"line":10,"column":0},"end":{"line":10,"column":67}},"10":{"start":{"line":11,"column":0},"end":{"line":11,"column":73}},"11":{"start":{"line":12,"column":0},"end":{"line":12,"column":65}},"12":{"start":{"line":13,"column":0},"end":{"line":13,"column":64}},"13":{"start":{"line":14,"column":0},"end":{"line":14,"column":71}},"14":{"start":{"line":16,"column":0},"end":{"line":18,"column":3}},"15":{"start":{"line":17,"column":4},"end":{"line":17,"column":36}},"16":{"start":{"line":20,"column":0},"end":{"line":20,"column":33}},"17":{"start":{"line":22,"column":0},"end":{"line":24,"column":3}},"18":{"start":{"line":23,"column":4},"end":{"line":23,"column":36}},"19":{"start":{"line":25,"column":0},"end":{"line":25,"column":31}},"20":{"start":{"line":27,"column":0},"end":{"line":27,"column":30}},"21":{"start":{"line":29,"column":0},"end":{"line":29,"column":34}},"22":{"start":{"line":32,"column":0},"end":{"line":46,"column":1}},"23":{"start":{"line":33,"column":4},"end":{"line":35,"column":7}},"24":{"start":{"line":34,"column":8},"end":{"line":34,"column":43}},"25":{"start":{"line":36,"column":4},"end":{"line":45,"column":7}},"26":{"start":{"line":37,"column":8},"end":{"line":44,"column":11}},"27":{"start":{"line":38,"column":12},"end":{"line":43,"column":13}},"28":{"start":{"line":39,"column":16},"end":{"line":39,"column":55}},"29":{"start":{"line":41,"column":16},"end":{"line":41,"column":83}},"30":{"start":{"line":42,"column":16},"end":{"line":42,"column":48}},"31":{"start":{"line":48,"column":0},"end":{"line":63,"column":1}},"32":{"start":{"line":49,"column":4},"end":{"line":49,"column":40}},"33":{"start":{"line":50,"column":4},"end":{"line":50,"column":63}},"34":{"start":{"line":51,"column":4},"end":{"line":51,"column":59}},"35":{"start":{"line":52,"column":4},"end":{"line":52,"column":64}},"36":{"start":{"line":54,"column":4},"end":{"line":54,"column":85}},"37":{"start":{"line":55,"column":4},"end":{"line":62,"column":7}},"38":{"start":{"line":56,"column":8},"end":{"line":61,"column":9}},"39":{"start":{"line":57,"column":12},"end":{"line":57,"column":26}},"40":{"start":{"line":59,"column":12},"end":{"line":59,"column":32}},"41":{"start":{"line":60,"column":12},"end":{"line":60,"column":34}},"42":{"start":{"line":72,"column":0},"end":{"line":86,"column":1}},"43":{"start":{"line":74,"column":4},"end":{"line":76,"column":7}},"44":{"start":{"line":75,"column":8},"end":{"line":75,"column":51}},"45":{"start":{"line":77,"column":4},"end":{"line":85,"column":7}},"46":{"start":{"line":80,"column":8},"end":{"line":80,"column":107}},"47":{"start":{"line":81,"column":8},"end":{"line":84,"column":11}},"48":{"start":{"line":82,"column":12},"end":{"line":82,"column":38}},"49":{"start":{"line":82,"column":21},"end":{"line":82,"column":38}},"50":{"start":{"line":83,"column":12},"end":{"line":83,"column":45}},"51":{"start":{"line":88,"column":0},"end":{"line":103,"column":1}},"52":{"start":{"line":92,"column":4},"end":{"line":92,"column":67}},"53":{"start":{"line":93,"column":4},"end":{"line":102,"column":7}},"54":{"start":{"line":94,"column":8},"end":{"line":94,"column":34}},"55":{"start":{"line":94,"column":17},"end":{"line":94,"column":34}},"56":{"start":{"line":95,"column":8},"end":{"line":95,"column":78}},"57":{"start":{"line":96,"column":8},"end":{"line":101,"column":11}},"58":{"start":{"line":97,"column":12},"end":{"line":97,"column":38}},"59":{"start":{"line":97,"column":21},"end":{"line":97,"column":38}},"60":{"start":{"line":99,"column":12},"end":{"line":99,"column":28}},"61":{"start":{"line":100,"column":12},"end":{"line":100,"column":40}},"62":{"start":{"line":105,"column":0},"end":{"line":114,"column":2}},"63":{"start":{"line":106,"column":4},"end":{"line":113,"column":5}},"64":{"start":{"line":107,"column":8},"end":{"line":107,"column":30}},"65":{"start":{"line":108,"column":8},"end":{"line":112,"column":9}},"66":{"start":{"line":109,"column":12},"end":{"line":109,"column":31}},"67":{"start":{"line":111,"column":12},"end":{"line":111,"column":31}},"68":{"start":{"line":119,"column":0},"end":{"line":133,"column":1}},"69":{"start":{"line":120,"column":4},"end":{"line":132,"column":5}},"70":{"start":{"line":121,"column":8},"end":{"line":121,"column":63}},"71":{"start":{"line":123,"column":8},"end":{"line":126,"column":11}},"72":{"start":{"line":124,"column":12},"end":{"line":124,"column":48}},"73":{"start":{"line":125,"column":12},"end":{"line":125,"column":30}},"74":{"start":{"line":127,"column":8},"end":{"line":131,"column":11}},"75":{"start":{"line":128,"column":12},"end":{"line":128,"column":32}},"76":{"start":{"line":129,"column":12},"end":{"line":129,"column":68}},"77":{"start":{"line":130,"column":12},"end":{"line":130,"column":40}},"78":{"start":{"line":135,"column":0},"end":{"line":135,"column":24}}},"branchMap":{"1":{"line":38,"type":"if","locations":[{"start":{"line":38,"column":12},"end":{"line":38,"column":12}},{"start":{"line":38,"column":12},"end":{"line":38,"column":12}}]},"2":{"line":56,"type":"if","locations":[{"start":{"line":56,"column":8},"end":{"line":56,"column":8}},{"start":{"line":56,"column":8},"end":{"line":56,"column":8}}]},"3":{"line":82,"type":"if","locations":[{"start":{"line":82,"column":12},"end":{"line":82,"column":12}},{"start":{"line":82,"column":12},"end":{"line":82,"column":12}}]},"4":{"line":94,"type":"if","locations":[{"start":{"line":94,"column":8},"end":{"line":94,"column":8}},{"start":{"line":94,"column":8},"end":{"line":94,"column":8}}]},"5":{"line":97,"type":"if","locations":[{"start":{"line":97,"column":12},"end":{"line":97,"column":12}},{"start":{"line":97,"column":12},"end":{"line":97,"column":12}}]},"6":{"line":108,"type":"if","locations":[{"start":{"line":108,"column":8},"end":{"line":108,"column":8}},{"start":{"line":108,"column":8},"end":{"line":108,"column":8}}]},"7":{"line":120,"type":"if","locations":[{"start":{"line":120,"column":4},"end":{"line":120,"column":4}},{"start":{"line":120,"column":4},"end":{"line":120,"column":4}}]}}},"C:\\Users\\marco\\WebstormProjects\\SignuCA\\routes\\users.js":{"path":"C:\\Users\\marco\\WebstormProjects\\SignuCA\\routes\\users.js","s":{"1":1,"2":1,"3":1,"4":0,"5":1},"b":{},"f":{"1":0},"fnMap":{"1":{"name":"(anonymous_1)","line":5,"loc":{"start":{"line":5,"column":16},"end":{"line":5,"column":41}}}},"statementMap":{"1":{"start":{"line":1,"column":0},"end":{"line":1,"column":33}},"2":{"start":{"line":2,"column":0},"end":{"line":2,"column":30}},"3":{"start":{"line":5,"column":0},"end":{"line":7,"column":3}},"4":{"start":{"line":6,"column":2},"end":{"line":6,"column":38}},"5":{"start":{"line":9,"column":0},"end":{"line":9,"column":24}}},"branchMap":{}}}