TN:
SF:C:\Users\marco\WebstormProjects\SignuCA\app.js
FN:27,(anonymous_1)
FN:32,(anonymous_2)
FNF:2
FNH:0
FNDA:0,(anonymous_1)
FNDA:0,(anonymous_2)
DA:1,1
DA:2,1
DA:3,1
DA:4,1
DA:5,1
DA:6,1
DA:8,1
DA:9,1
DA:11,1
DA:14,1
DA:15,1
DA:17,1
DA:18,1
DA:19,1
DA:20,1
DA:21,1
DA:23,1
DA:24,1
DA:27,1
DA:28,0
DA:32,1
DA:34,0
DA:35,0
DA:38,0
DA:39,0
DA:42,1
LF:26
LH:21
BRDA:35,1,0,0
BRDA:35,1,1,0
BRDA:38,2,0,0
BRDA:38,2,1,0
BRF:4
BRH:0
end_of_record
TN:
SF:C:\Users\marco\WebstormProjects\SignuCA\routes\index.js
FN:16,(anonymous_1)
FN:22,(anonymous_2)
FN:32,processCSR
FN:33,(anonymous_4)
FN:36,(anonymous_5)
FN:37,(anonymous_6)
FN:48,generateCSRReply
FN:72,revokeCert
FN:74,(anonymous_9)
FN:77,(anonymous_10)
FN:88,getCRL
FN:105,(anonymous_12)
FN:106,(anonymous_13)
FN:119,postOCSP
FN:123,(anonymous_15)
FN:127,(anonymous_16)
FNF:16
FNH:8
FNDA:0,(anonymous_1)
FNDA:0,(anonymous_2)
FNDA:1,processCSR
FNDA:1,(anonymous_4)
FNDA:1,(anonymous_5)
FNDA:1,(anonymous_6)
FNDA:1,generateCSRReply
FNDA:1,revokeCert
FNDA:1,(anonymous_9)
FNDA:1,(anonymous_10)
FNDA:0,getCRL
FNDA:0,(anonymous_12)
FNDA:0,(anonymous_13)
FNDA:0,postOCSP
FNDA:0,(anonymous_15)
FNDA:0,(anonymous_16)
DA:1,1
DA:2,1
DA:3,1
DA:4,1
DA:5,1
DA:6,1
DA:7,1
DA:8,1
DA:10,1
DA:11,1
DA:12,1
DA:13,1
DA:14,1
DA:16,1
DA:17,0
DA:20,1
DA:22,1
DA:23,0
DA:25,1
DA:27,1
DA:29,1
DA:32,1
DA:33,1
DA:34,1
DA:36,1
DA:37,1
DA:38,1
DA:39,0
DA:41,1
DA:42,1
DA:48,1
DA:49,1
DA:50,1
DA:51,1
DA:52,1
DA:54,1
DA:55,1
DA:56,1
DA:57,0
DA:59,1
DA:60,1
DA:72,1
DA:74,1
DA:75,1
DA:77,1
DA:80,1
DA:81,1
DA:82,1
DA:83,1
DA:88,1
DA:92,0
DA:93,0
DA:94,0
DA:95,0
DA:96,0
DA:97,0
DA:99,0
DA:100,0
DA:105,1
DA:106,0
DA:107,0
DA:108,0
DA:109,0
DA:111,0
DA:119,1
DA:120,0
DA:121,0
DA:123,0
DA:124,0
DA:125,0
DA:127,0
DA:128,0
DA:129,0
DA:130,0
DA:135,1
LF:75
LH:49
BRDA:38,1,0,0
BRDA:38,1,1,1
BRDA:56,2,0,0
BRDA:56,2,1,1
BRDA:82,3,0,0
BRDA:82,3,1,1
BRDA:94,4,0,0
BRDA:94,4,1,0
BRDA:97,5,0,0
BRDA:97,5,1,0
BRDA:108,6,0,0
BRDA:108,6,1,0
BRDA:120,7,0,0
BRDA:120,7,1,0
BRF:14
BRH:3
end_of_record
TN:
SF:C:\Users\marco\WebstormProjects\SignuCA\routes\users.js
FN:5,(anonymous_1)
FNF:1
FNH:0
FNDA:0,(anonymous_1)
DA:1,1
DA:2,1
DA:5,1
DA:6,0
DA:9,1
LF:5
LH:4
BRF:0
BRH:0
end_of_record
